<?xml version="1.0" encoding="UTF-8"?>
<testsuite xmlns:xsi="http://www.w3.org/2001/XMLSchema-instance" xsi:noNamespaceSchemaLocation="https://maven.apache.org/surefire/maven-surefire-plugin/xsd/surefire-test-report.xsd" version="3.0.2" name="com.example.demo.DemoApplicationTests" time="3.645" tests="1" errors="0" skipped="0" failures="0">
  <properties>
[...]
</properties>
  <testcase name="contextLoads" classname="com.example.demo.DemoApplicationTests" time="0.011">
    <system-out><![CDATA[22:21:19.208 [main] INFO org.springframework.test.context.support.AnnotationConfigContextLoaderUtils -- Could not detect default configuration classes for test class [com.example.demo.DemoApplicationTests]: DemoApplicationTests does not declare any static, non-private, non-final, nested classes annotated with @Configuration.
22:21:19.299 [main] INFO org.springframework.boot.test.context.SpringBootTestContextBootstrapper -- Found @SpringBootConfiguration com.example.demo.DemoApplication for test class com.example.demo.DemoApplicationTests
22:21:19.441 [main] INFO org.springframework.boot.devtools.restart.RestartApplicationListener -- Restart disabled due to context in which it is running

  .   ____          _            __ _ _
 /\\ / ___'_ __ _ _(_)_ __  __ _ \ \ \ \
( ( )\___ | '_ | '_| | '_ \/ _` | \ \ \ \
 \\/  ___)| |_)| | | | | || (_| |  ) ) ) )
  '  |____| .__|_| |_|_| |_\__, | / / / /
 =========|_|==============|___/=/_/_/_/

 :: Spring Boot ::                (v3.4.2)

2025-02-06T22:21:19.633+05:00  INFO 196408 --- [demo] [           main] com.example.demo.DemoApplicationTests    : Starting DemoApplicationTests using Java 17.0.14 with PID 196408 (started by bekbolsyn in /home/bekbolsyn/Загрузки/IntelJ idea Projects/TechProjectWeatherAPI/demo)
2025-02-06T22:21:19.634+05:00  INFO 196408 --- [demo] [           main] com.example.demo.DemoApplicationTests    : No active profile set, falling back to 1 default profile: "default"
2025-02-06T22:21:20.289+05:00  INFO 196408 --- [demo] [           main] .s.d.r.c.RepositoryConfigurationDelegate : Bootstrapping Spring Data JPA repositories in DEFAULT mode.
2025-02-06T22:21:20.328+05:00  INFO 196408 --- [demo] [           main] .s.d.r.c.RepositoryConfigurationDelegate : Finished Spring Data repository scanning in 33 ms. Found 4 JPA repository interfaces.
2025-02-06T22:21:20.661+05:00  INFO 196408 --- [demo] [           main] o.hibernate.jpa.internal.util.LogHelper  : HHH000204: Processing PersistenceUnitInfo [name: default]
2025-02-06T22:21:20.709+05:00  INFO 196408 --- [demo] [           main] org.hibernate.Version                    : HHH000412: Hibernate ORM core version 6.6.5.Final
2025-02-06T22:21:20.733+05:00  INFO 196408 --- [demo] [           main] o.h.c.internal.RegionFactoryInitiator    : HHH000026: Second-level cache disabled
2025-02-06T22:21:20.808+05:00  INFO 196408 --- [demo] [           main] o.s.o.j.p.SpringPersistenceUnitInfo      : No LoadTimeWeaver setup: ignoring JPA class transformer
2025-02-06T22:21:20.826+05:00  INFO 196408 --- [demo] [           main] com.zaxxer.hikari.HikariDataSource       : HikariPool-1 - Starting...
2025-02-06T22:21:20.959+05:00  INFO 196408 --- [demo] [           main] com.zaxxer.hikari.pool.HikariPool        : HikariPool-1 - Added connection org.postgresql.jdbc.PgConnection@7ade62a6
2025-02-06T22:21:20.960+05:00  INFO 196408 --- [demo] [           main] com.zaxxer.hikari.HikariDataSource       : HikariPool-1 - Start completed.
2025-02-06T22:21:21.015+05:00  INFO 196408 --- [demo] [           main] org.hibernate.orm.connections.pooling    : HHH10001005: Database info:
	Database JDBC URL [Connecting through datasource 'HikariDataSource (HikariPool-1)']
	Database driver: undefined/unknown
	Database version: 15.10
	Autocommit mode: undefined/unknown
	Isolation level: undefined/unknown
	Minimum pool size: undefined/unknown
	Maximum pool size: undefined/unknown
2025-02-06T22:21:21.598+05:00  INFO 196408 --- [demo] [           main] o.h.e.t.j.p.i.JtaPlatformInitiator       : HHH000489: No JTA platform available (set 'hibernate.transaction.jta.platform' to enable JTA platform integration)
Hibernate: set client_min_messages = WARNING
Hibernate: alter table if exists measurements drop constraint if exists FKfqkrnf3kseui0aqgkccsncd4m
Hibernate: alter table if exists refresh_token drop constraint if exists FKjtx87i0jvq2svedphegvdwcuy
Hibernate: drop table if exists measurements cascade
Hibernate: drop table if exists refresh_token cascade
Hibernate: drop table if exists sensor cascade
Hibernate: drop table if exists users cascade
Hibernate: create table measurements (id integer generated by default as identity, raining boolean not null, value float(53) not null check ((value<=100) and (value>=-100)), created_at timestamp(6) not null, sensor varchar(255) not null, primary key (id))
Hibernate: create table refresh_token (expiry_date timestamp(6) with time zone, id bigint generated by default as identity, user_id bigint unique, token varchar(255) not null unique, primary key (id))
Hibernate: create table sensor (id integer generated by default as identity, created_at timestamp(6) not null, name varchar(30) not null unique, primary key (id))
Hibernate: create table users (created_at timestamp(6), id bigint generated by default as identity, email varchar(255) not null unique, name varchar(255) not null, password varchar(255) not null, phone_number varchar(255) not null, role varchar(255) check (role in ('ADMIN','USER')), primary key (id))
Hibernate: alter table if exists measurements add constraint FKfqkrnf3kseui0aqgkccsncd4m foreign key (sensor) references sensor (name)
Hibernate: alter table if exists refresh_token add constraint FKjtx87i0jvq2svedphegvdwcuy foreign key (user_id) references users
2025-02-06T22:21:21.657+05:00  INFO 196408 --- [demo] [           main] j.LocalContainerEntityManagerFactoryBean : Initialized JPA EntityManagerFactory for persistence unit 'default'
2025-02-06T22:21:21.913+05:00  INFO 196408 --- [demo] [           main] eAuthenticationProviderManagerConfigurer : Global AuthenticationManager configured with AuthenticationProvider bean with name authenticationProvider
2025-02-06T22:21:21.913+05:00  WARN 196408 --- [demo] [           main] r$InitializeUserDetailsManagerConfigurer : Global AuthenticationManager configured with an AuthenticationProvider bean. UserDetailsService beans will not be used by Spring Security for automatically configuring username/password login. Consider removing the AuthenticationProvider bean. Alternatively, consider using the UserDetailsService in a manually instantiated DaoAuthenticationProvider. If the current configuration is intentional, to turn off this warning, increase the logging level of 'org.springframework.security.config.annotation.authentication.configuration.InitializeUserDetailsBeanManagerConfigurer' to ERROR
2025-02-06T22:21:22.079+05:00  WARN 196408 --- [demo] [           main] JpaBaseConfiguration$JpaWebConfiguration : spring.jpa.open-in-view is enabled by default. Therefore, database queries may be performed during view rendering. Explicitly configure spring.jpa.open-in-view to disable this warning
2025-02-06T22:21:22.726+05:00  INFO 196408 --- [demo] [           main] com.example.demo.DemoApplicationTests    : Started DemoApplicationTests in 3.3 seconds (process running for 4.837)
]]></system-out>
  </testcase>
</testsuite>