<?xml version="1.0" encoding="UTF-8"?>
<testsuite xmlns:xsi="http://www.w3.org/2001/XMLSchema-instance" xsi:noNamespaceSchemaLocation="https://maven.apache.org/surefire/maven-surefire-plugin/xsd/surefire-test-report.xsd" version="3.0.2" name="com.example.demo.UserServiceTest" time="0.798" tests="6" errors="0" skipped="0" failures="0">
  <properties>
[...]
</properties>
  <testcase name="testRegister_UserCreatedSuccessfully" classname="com.example.demo.UserServiceTest" time="0.757"/>
  <testcase name="testLogin_UserNotFound" classname="com.example.demo.UserServiceTest" time="0.006"/>
  <testcase name="testChangeRoleById_UserNotFound" classname="com.example.demo.UserServiceTest" time="0.006"/>
  <testcase name="testRegister_UserAlreadyExists" classname="com.example.demo.UserServiceTest" time="0.004"/>
  <testcase name="testChangeRoleById_UserFound" classname="com.example.demo.UserServiceTest" time="0.004"/>
  <testcase name="testLogin_Successful" classname="com.example.demo.UserServiceTest" time="0.005"/>
</testsuite>